<?xml version="1.0" encoding="UTF-8"?>
<testsuite xmlns:xsi="http://www.w3.org/2001/XMLSchema-instance" xsi:noNamespaceSchemaLocation="https://maven.apache.org/surefire/maven-surefire-plugin/xsd/surefire-test-report-3.0.xsd" version="3.0" name="test.ApiTest" time="0.237" tests="1" errors="0" skipped="0" failures="0">
  <properties>
[...]
</properties>
  <testcase name="test_iterator" classname="test.ApiTest" time="0.021">
    <system-out><![CDATA[23:19:09.746 [main] INFO  test.ApiTest - ==================== 开始遍历多叉树组织架构 ====================
23:19:09.750 [main] INFO  test.ApiTest - 二级部门 雇员 ID：2 Name：花花
23:19:09.751 [main] INFO  test.ApiTest - 三级部门 雇员 ID：4 Name：蹦蹦
23:19:09.751 [main] INFO  test.ApiTest - 三级部门 雇员 ID：5 Name：大烧
23:19:09.751 [main] INFO  test.ApiTest - 四级部门 雇员 ID：6 Name：虎哥
23:19:09.751 [main] INFO  test.ApiTest - 四级部门 雇员 ID：7 Name：玲姐
23:19:09.751 [main] INFO  test.ApiTest - 四级部门 雇员 ID：8 Name：秋雅
23:19:09.751 [main] INFO  test.ApiTest - 二级部门 雇员 ID：3 Name：豆包
23:19:09.751 [main] INFO  test.ApiTest - ==================== 组织架构遍历结束 ====================
]]></system-out>
  </testcase>
</testsuite>